<?xml version="1.0" encoding="UTF-8"?>
<testsuite name="com.example.test_spring_backend.TestSpringBackendApplicationTests" tests="1" skipped="0" failures="0" errors="0" timestamp="2025-09-05T15:09:10.719Z" hostname="MBP-von-Andreas.fritz.box" time="0.304">
  <properties/>
  <testcase name="contextLoads()" classname="com.example.test_spring_backend.TestSpringBackendApplicationTests" time="0.304"/>
  <system-out><![CDATA[17:09:10.221 [Test worker] INFO org.springframework.test.context.support.AnnotationConfigContextLoaderUtils -- Could not detect default configuration classes for test class [com.example.test_spring_backend.TestSpringBackendApplicationTests]: TestSpringBackendApplicationTests does not declare any static, non-private, non-final, nested classes annotated with @Configuration.
17:09:10.263 [Test worker] INFO org.springframework.boot.test.context.SpringBootTestContextBootstrapper -- Found @SpringBootConfiguration com.example.test_spring_backend.TestSpringBackendApplication for test class com.example.test_spring_backend.TestSpringBackendApplicationTests

  .   ____          _            __ _ _
 /\\ / ___'_ __ _ _(_)_ __  __ _ \ \ \ \
( ( )\___ | '_ | '_| | '_ \/ _` | \ \ \ \
 \\/  ___)| |_)| | | | | || (_| |  ) ) ) )
  '  |____| .__|_| |_|_| |_\__, | / / / /
 =========|_|==============|___/=/_/_/_/

 :: Spring Boot ::                (v3.5.5)

2025-09-05T17:09:10.383+02:00  INFO 23899 --- [test-spring-backend] [    Test worker] c.e.t.TestSpringBackendApplicationTests  : Starting TestSpringBackendApplicationTests using Java 24.0.1 with PID 23899 (started by andreasgeyer in /Users/andreasgeyer/Github/test-spring-backend)
2025-09-05T17:09:10.383+02:00  INFO 23899 --- [test-spring-backend] [    Test worker] c.e.t.TestSpringBackendApplicationTests  : No active profile set, falling back to 1 default profile: "default"
2025-09-05T17:09:10.715+02:00  INFO 23899 --- [test-spring-backend] [    Test worker] c.e.t.TestSpringBackendApplicationTests  : Started TestSpringBackendApplicationTests in 0.408 seconds (process running for 0.789)
]]></system-out>
  <system-err><![CDATA[Mockito is currently self-attaching to enable the inline-mock-maker. This will no longer work in future releases of the JDK. Please add Mockito as an agent to your build as described in Mockito's documentation: https://javadoc.io/doc/org.mockito/mockito-core/latest/org.mockito/org/mockito/Mockito.html#0.3
WARNING: A Java agent has been loaded dynamically (/Users/andreasgeyer/.gradle/caches/modules-2/files-2.1/net.bytebuddy/byte-buddy-agent/1.17.7/fbf3d6d649ed37fc9e9c59480a05be0a26e3c2da/byte-buddy-agent-1.17.7.jar)
WARNING: If a serviceability tool is in use, please run with -XX:+EnableDynamicAgentLoading to hide this warning
WARNING: If a serviceability tool is not in use, please run with -Djdk.instrument.traceUsage for more information
WARNING: Dynamic loading of agents will be disallowed by default in a future release
]]></system-err>
</testsuite>
